[debug] [2023-05-04T23:00:00.958Z] ----------------------------------------------------------------------
[debug] [2023-05-04T23:00:00.961Z] Command:       C:\Program Files\nodejs\node.exe C:\Users\franc\AppData\Roaming\npm\node_modules\firebase-tools\lib\bin\firebase.js init
[debug] [2023-05-04T23:00:00.961Z] CLI Version:   11.30.0
[debug] [2023-05-04T23:00:00.962Z] Platform:      win32
[debug] [2023-05-04T23:00:00.962Z] Node Version:  v18.12.1
[debug] [2023-05-04T23:00:00.963Z] Time:          Thu May 04 2023 20:00:00 GMT-0300 (hora estándar de Argentina)
[debug] [2023-05-04T23:00:00.964Z] ----------------------------------------------------------------------
[debug] 
[debug] [2023-05-04T23:00:01.074Z] > command requires scopes: ["email","openid","https://www.googleapis.com/auth/cloudplatformprojects.readonly","https://www.googleapis.com/auth/firebase","https://www.googleapis.com/auth/cloud-platform"]
[debug] [2023-05-04T23:00:01.075Z] > authorizing via signed-in user (gonzalobarreto1911@gmail.com)
[info] 
     ######## #### ########  ######## ########     ###     ######  ########
     ##        ##  ##     ## ##       ##     ##  ##   ##  ##       ##
     ######    ##  ########  ######   ########  #########  ######  ######
     ##        ##  ##    ##  ##       ##     ## ##     ##       ## ##
     ##       #### ##     ## ######## ########  ##     ##  ######  ########

You're about to initialize a Firebase project in this directory:

  C:\Users\franc\Desktop\Gonzalo\Trabajo final\frontend\INTIAPP

Before we get started, keep in mind:

  * You are initializing within an existing Firebase project directory

